<?xml version="1.0" encoding="UTF-8"?>
<!-- Generated by org.testng.reporters.JUnitReportReporter -->
<testsuite hostname="VishalShu" name="my.example.mongo.ecom.repository.test.CategoryRepositoryTest" tests="3" failures="0" timestamp="3 Sep 2013 13:48:57 GMT" time="0.187" errors="0">
  <testcase name="insertCategoryWithParentTest" time="0.143" classname="my.example.mongo.ecom.repository.test.CategoryRepositoryTest"/>
  <testcase name="insertRootCategoryTest" time="0.007" classname="my.example.mongo.ecom.repository.test.CategoryRepositoryTest"/>
  <testcase name="readCategoryWithChildren" time="0.037" classname="my.example.mongo.ecom.repository.test.CategoryRepositoryTest"/>
</testsuite> <!-- my.example.mongo.ecom.repository.test.CategoryRepositoryTest -->
