<?xml version="1.0" encoding="UTF-8"?>
<!-- Generated by org.testng.reporters.JUnitReportReporter -->
<testsuite hostname="VishalShu" name="my.example.mongo.ecom.repository.test.UserRepositoryTest" tests="5" failures="0" timestamp="3 Sep 2013 12:49:45 GMT" time="0.137" errors="0">
  <testcase name="insertUserTest" time="0.047" classname="my.example.mongo.ecom.repository.test.UserRepositoryTest"/>
  <testcase name="insertDuplicateUsername" time="0.006" classname="my.example.mongo.ecom.repository.test.UserRepositoryTest"/>
  <testcase name="updateAddressTest" time="0.035" classname="my.example.mongo.ecom.repository.test.UserRepositoryTest"/>
  <testcase name="findByIdTest" time="0.016" classname="my.example.mongo.ecom.repository.test.UserRepositoryTest"/>
  <testcase name="readsFirstPageCorrectly" time="0.033" classname="my.example.mongo.ecom.repository.test.UserRepositoryTest"/>
</testsuite> <!-- my.example.mongo.ecom.repository.test.UserRepositoryTest -->
