<?xml version="1.0" encoding="UTF-8"?>
<!-- Generated by org.testng.reporters.JUnitReportReporter -->
<testsuite hostname="VishalShu" name="my.example.mongo.ecom.service.test.UserServiceTest" tests="6" failures="0" timestamp="3 Sep 2013 13:16:09 GMT" time="0.041" errors="0">
  <testcase name="testChangeAddress" time="0.001" classname="my.example.mongo.ecom.service.test.UserServiceTest"/>
  <testcase name="testAuthenticateUser" time="0.035" classname="my.example.mongo.ecom.service.test.UserServiceTest"/>
  <testcase name="testSearchUser" time="0.002" classname="my.example.mongo.ecom.service.test.UserServiceTest"/>
  <testcase name="testAuthenticateUser" time="0.001" classname="my.example.mongo.ecom.service.test.UserServiceTest"/>
  <testcase name="testAuthenticateUser" time="0.001" classname="my.example.mongo.ecom.service.test.UserServiceTest"/>
  <testcase name="testRegisterUser" time="0.001" classname="my.example.mongo.ecom.service.test.UserServiceTest"/>
</testsuite> <!-- my.example.mongo.ecom.service.test.UserServiceTest -->
