<?xml version="1.0" encoding="UTF-8"?>
<!-- Generated by org.testng.reporters.JUnitReportReporter -->
<testsuite hostname="VishalShu" name="my.example.mongo.ecom.repository.test.ProductRepositoryTest" tests="2" failures="0" timestamp="5 Sep 2013 13:57:41 GMT" time="0.019" errors="0">
  <testcase name="readProduct" time="0.010" classname="my.example.mongo.ecom.repository.test.ProductRepositoryTest"/>
  <testcase name="insertProductTest" time="0.009" classname="my.example.mongo.ecom.repository.test.ProductRepositoryTest"/>
</testsuite> <!-- my.example.mongo.ecom.repository.test.ProductRepositoryTest -->
