<?xml version="1.0" encoding="UTF-8"?>
<!-- Generated by org.testng.reporters.JUnitReportReporter -->
<testsuite hostname="VishalShu" name="my.example.mongo.ecom.repository.test.CategoryRepositoryTest" tests="3" failures="0" timestamp="5 Sep 2013 13:57:41 GMT" time="0.011" errors="0">
  <testcase name="readCategoryWithChildren" time="0.003" classname="my.example.mongo.ecom.repository.test.CategoryRepositoryTest"/>
  <testcase name="insertCategoryWithParentTest" time="0.007" classname="my.example.mongo.ecom.repository.test.CategoryRepositoryTest"/>
  <testcase name="insertRootCategoryTest" time="0.001" classname="my.example.mongo.ecom.repository.test.CategoryRepositoryTest"/>
</testsuite> <!-- my.example.mongo.ecom.repository.test.CategoryRepositoryTest -->
