<?xml version="1.0" encoding="UTF-8"?>
<!-- Generated by org.testng.reporters.JUnitReportReporter -->
<testsuite hostname="VishalShu" name="my.example.mongo.ecom.service.test.UserServiceTest" tests="6" failures="0" timestamp="5 Sep 2013 13:57:41 GMT" time="0.023" errors="0">
  <testcase name="testAuthenticateUser" time="0.000" classname="my.example.mongo.ecom.service.test.UserServiceTest"/>
  <testcase name="testAuthenticateUser" time="0.000" classname="my.example.mongo.ecom.service.test.UserServiceTest"/>
  <testcase name="testSearchUser" time="0.005" classname="my.example.mongo.ecom.service.test.UserServiceTest"/>
  <testcase name="testAuthenticateUser" time="0.017" classname="my.example.mongo.ecom.service.test.UserServiceTest"/>
  <testcase name="testChangeAddress" time="0.000" classname="my.example.mongo.ecom.service.test.UserServiceTest"/>
  <testcase name="testRegisterUser" time="0.001" classname="my.example.mongo.ecom.service.test.UserServiceTest"/>
</testsuite> <!-- my.example.mongo.ecom.service.test.UserServiceTest -->
