<?xml version="1.0" encoding="UTF-8"?>
<!-- Generated by org.testng.reporters.JUnitReportReporter -->
<testsuite hostname="VishalShu" name="my.example.mongo.ecom.repository.test.UserSearchTest" tests="3" failures="0" timestamp="5 Sep 2013 13:57:41 GMT" time="0.028" errors="0">
  <testcase name="testFindUsersByUsernamePrefix" time="0.007" classname="my.example.mongo.ecom.repository.test.UserSearchTest"/>
  <testcase name="testFindByUsername" time="0.003" classname="my.example.mongo.ecom.repository.test.UserSearchTest"/>
  <testcase name="testFindByAgeBetween" time="0.018" classname="my.example.mongo.ecom.repository.test.UserSearchTest"/>
</testsuite> <!-- my.example.mongo.ecom.repository.test.UserSearchTest -->
