<?xml version="1.0" encoding="UTF-8"?>
<!-- Generated by org.testng.reporters.JUnitReportReporter -->
<testsuite hostname="VishalShu" name="my.example.mongo.ecom.repository.test.OrderRepositoryTest" tests="3" failures="0" timestamp="5 Sep 2013 13:57:41 GMT" time="0.027" errors="0">
  <testcase name="insertOrdersTest" time="0.003" classname="my.example.mongo.ecom.repository.test.OrderRepositoryTest"/>
  <testcase name="insertOrderSubtotalTest" time="0.019" classname="my.example.mongo.ecom.repository.test.OrderRepositoryTest"/>
  <testcase name="readOrders" time="0.005" classname="my.example.mongo.ecom.repository.test.OrderRepositoryTest"/>
</testsuite> <!-- my.example.mongo.ecom.repository.test.OrderRepositoryTest -->
